build/app/intermediates/manifest_merge_blame_file/release/manifest-merger-blame-release-report.txt
1<?xml version="1.0" encoding="utf-8"?>
2<manifest xmlns:android="http://schemas.android.com/apk/res/android"
3    package="com.app.door_ap"
4    android:versionCode="7"
5    android:versionName="1.0.7" >
6
7    <uses-sdk
8        android:minSdkVersion="21"
8-->src\main\AndroidManifest.xml
9        android:targetSdkVersion="33" />
9-->src\main\AndroidManifest.xml
10
11    <uses-permission android:name="android.permission.CAMERA" />
11-->src\main\AndroidManifest.xml:4:5-65
11-->src\main\AndroidManifest.xml:4:22-62
12    <uses-permission android:name="android.permission.INTERNET" />
12-->src\main\AndroidManifest.xml:5:5-67
12-->src\main\AndroidManifest.xml:5:22-64
13
14    <queries>
14-->src\main\AndroidManifest.xml:7:5-13:15
15
16        <!-- If your app checks for SMS support -->
17        <intent>
17-->src\main\AndroidManifest.xml:9:5-12:14
18            <action android:name="android.intent.action.VIEW" />
18-->src\main\AndroidManifest.xml:10:9-61
18-->src\main\AndroidManifest.xml:10:17-58
19
20            <data android:scheme="https" />
20-->src\main\AndroidManifest.xml:11:9-40
20-->src\main\AndroidManifest.xml:11:15-37
21        </intent>
22        <intent>
22-->[:file_picker] AndroidManifest.xml:12:9-16:18
23            <action android:name="android.intent.action.GET_CONTENT" />
23-->[:file_picker] AndroidManifest.xml:13:13-72
23-->[:file_picker] AndroidManifest.xml:13:21-69
24
25            <data android:mimeType="*/*" />
25-->src\main\AndroidManifest.xml:11:9-40
26        </intent> <!-- Added to check the default browser that will host the AuthFlow. -->
27        <intent>
27-->[com.stripe:financial-connections:20.4.0] AndroidManifest.xml:15:9-19:18
28            <action android:name="android.intent.action.VIEW" />
28-->src\main\AndroidManifest.xml:10:9-61
28-->src\main\AndroidManifest.xml:10:17-58
29
30            <data android:scheme="http" />
30-->src\main\AndroidManifest.xml:11:9-40
30-->src\main\AndroidManifest.xml:11:15-37
31        </intent> <!-- Added to check if Chrome is installed for browser-based payment authentication (e.g. 3DS1). -->
32        <package android:name="com.android.chrome" /> <!-- Needs to be explicitly declared on Android R+ -->
32-->[com.stripe:payments-core:20.4.0] AndroidManifest.xml:13:9-54
32-->[com.stripe:payments-core:20.4.0] AndroidManifest.xml:13:18-51
33        <package android:name="com.google.android.apps.maps" />
33-->[com.google.android.gms:play-services-maps:18.1.0] AndroidManifest.xml:33:9-64
33-->[com.google.android.gms:play-services-maps:18.1.0] AndroidManifest.xml:33:18-61
34    </queries>
35
36    <!--
37     Only for Android.
38     If you targets Android 11 or higher, you should add
39    -->
40    <queries>
40-->src\main\AndroidManifest.xml:7:5-13:15
41        <package android:name="com.facebook.katana" />
41-->src\main\AndroidManifest.xml:18:9-55
41-->src\main\AndroidManifest.xml:18:18-52
42    </queries>
43
44    <uses-permission android:name="android.permission.WAKE_LOCK" />
44-->[:firebase_messaging] AndroidManifest.xml:10:5-68
44-->[:firebase_messaging] AndroidManifest.xml:10:22-65
45    <uses-permission android:name="android.permission.ACCESS_NETWORK_STATE" />
45-->[:firebase_messaging] AndroidManifest.xml:11:5-79
45-->[:firebase_messaging] AndroidManifest.xml:11:22-76
46    <uses-permission android:name="android.permission.FOREGROUND_SERVICE" />
46-->[:geolocator_android] AndroidManifest.xml:9:5-77
46-->[:geolocator_android] AndroidManifest.xml:9:22-74
47    <uses-permission
47-->[:file_picker] AndroidManifest.xml:9:5-80
48        android:name="android.permission.READ_EXTERNAL_STORAGE"
48-->[:file_picker] AndroidManifest.xml:9:22-77
49        android:maxSdkVersion="32" />
49-->[:open_filex] AndroidManifest.xml:12:9-35
50    <uses-permission android:name="android.permission.RECEIVE_BOOT_COMPLETED" />
50-->[:flutter_local_notifications] AndroidManifest.xml:9:5-81
50-->[:flutter_local_notifications] AndroidManifest.xml:9:22-78
51    <uses-permission android:name="android.permission.VIBRATE" />
51-->[:flutter_local_notifications] AndroidManifest.xml:10:5-66
51-->[:flutter_local_notifications] AndroidManifest.xml:10:22-63
52    <uses-permission android:name="android.permission.USE_FULL_SCREEN_INTENT" />
52-->[:flutter_local_notifications] AndroidManifest.xml:11:5-81
52-->[:flutter_local_notifications] AndroidManifest.xml:11:22-78
53    <uses-permission android:name="android.permission.SCHEDULE_EXACT_ALARM" />
53-->[:flutter_local_notifications] AndroidManifest.xml:12:5-79
53-->[:flutter_local_notifications] AndroidManifest.xml:12:22-76
54    <uses-permission android:name="android.permission.READ_MEDIA_IMAGES" />
54-->[:open_filex] AndroidManifest.xml:13:5-76
54-->[:open_filex] AndroidManifest.xml:13:22-73
55    <uses-permission android:name="android.permission.READ_MEDIA_VIDEO" />
55-->[:open_filex] AndroidManifest.xml:14:5-75
55-->[:open_filex] AndroidManifest.xml:14:22-72
56    <uses-permission android:name="android.permission.READ_MEDIA_AUDIO" />
56-->[:open_filex] AndroidManifest.xml:15:5-75
56-->[:open_filex] AndroidManifest.xml:15:22-72
57    <uses-permission android:name="android.permission.ACCESS_COARSE_LOCATION" />
57-->[:location] AndroidManifest.xml:9:5-81
57-->[:location] AndroidManifest.xml:9:22-78
58    <uses-permission android:name="android.permission.ACCESS_FINE_LOCATION" />
58-->[:location] AndroidManifest.xml:10:5-79
58-->[:location] AndroidManifest.xml:10:22-76
59    <uses-permission android:name="android.permission.ACCESS_WIFI_STATE" />
59-->[com.google.android.libraries.places:places:2.4.0] AndroidManifest.xml:10:5-76
59-->[com.google.android.libraries.places:places:2.4.0] AndroidManifest.xml:10:22-73
60
61    <uses-feature
61-->[com.google.android.gms:play-services-maps:18.1.0] AndroidManifest.xml:26:5-28:35
62        android:glEsVersion="0x00020000"
62-->[com.google.android.gms:play-services-maps:18.1.0] AndroidManifest.xml:27:9-41
63        android:required="true" />
63-->[com.google.android.gms:play-services-maps:18.1.0] AndroidManifest.xml:28:9-32
64
65    <uses-permission android:name="android.permission.POST_NOTIFICATIONS" /> <!-- Required by older versions of Google Play services to create IID tokens -->
65-->[com.google.firebase:firebase-messaging:23.0.8] AndroidManifest.xml:26:5-77
65-->[com.google.firebase:firebase-messaging:23.0.8] AndroidManifest.xml:26:22-74
66    <uses-permission android:name="com.google.android.c2dm.permission.RECEIVE" />
66-->[com.google.firebase:firebase-messaging:23.0.8] AndroidManifest.xml:29:5-82
66-->[com.google.firebase:firebase-messaging:23.0.8] AndroidManifest.xml:29:22-79
67    <uses-permission android:name="com.google.android.gms.permission.AD_ID" />
67-->[com.google.android.gms:play-services-measurement-api:21.1.1] AndroidManifest.xml:25:5-79
67-->[com.google.android.gms:play-services-measurement-api:21.1.1] AndroidManifest.xml:25:22-76
68    <uses-permission android:name="com.google.android.finsky.permission.BIND_GET_INSTALL_REFERRER_SERVICE" />
68-->[com.google.android.gms:play-services-measurement:21.1.1] AndroidManifest.xml:26:5-110
68-->[com.google.android.gms:play-services-measurement:21.1.1] AndroidManifest.xml:26:22-107
69
70    <permission
70-->[androidx.core:core:1.9.0] AndroidManifest.xml:22:5-24:47
71        android:name="com.app.door_ap.DYNAMIC_RECEIVER_NOT_EXPORTED_PERMISSION"
71-->[androidx.core:core:1.9.0] AndroidManifest.xml:23:9-81
72        android:protectionLevel="signature" />
72-->[androidx.core:core:1.9.0] AndroidManifest.xml:24:9-44
73
74    <uses-permission android:name="com.app.door_ap.DYNAMIC_RECEIVER_NOT_EXPORTED_PERMISSION" />
74-->[androidx.core:core:1.9.0] AndroidManifest.xml:26:5-97
74-->[androidx.core:core:1.9.0] AndroidManifest.xml:26:22-94
75
76    <application
76-->src\main\AndroidManifest.xml:21:5-80:19
77        android:appComponentFactory="androidx.core.app.CoreComponentFactory"
77-->[androidx.core:core:1.9.0] AndroidManifest.xml:28:18-86
78        android:icon="@mipmap/app_launcher"
78-->src\main\AndroidManifest.xml:23:9-44
79        android:label="Doorap" >
79-->src\main\AndroidManifest.xml:22:9-31
80        <activity
80-->src\main\AndroidManifest.xml:24:9-59:20
81            android:name="com.app.door_ap.MainActivity"
81-->src\main\AndroidManifest.xml:25:13-41
82            android:configChanges="orientation|keyboardHidden|keyboard|screenSize|smallestScreenSize|locale|layoutDirection|fontScale|screenLayout|density|uiMode"
82-->src\main\AndroidManifest.xml:29:13-163
83            android:exported="true"
83-->src\main\AndroidManifest.xml:26:13-36
84            android:hardwareAccelerated="true"
84-->src\main\AndroidManifest.xml:30:13-47
85            android:launchMode="singleTop"
85-->src\main\AndroidManifest.xml:27:13-43
86            android:theme="@style/LaunchTheme"
86-->src\main\AndroidManifest.xml:28:13-47
87            android:windowSoftInputMode="adjustResize" >
87-->src\main\AndroidManifest.xml:31:13-55
88
89            <!--
90                 Specifies an Android theme to apply to this Activity as soon as
91                 the Android process has started. This theme is visible to the user
92                 while the Flutter UI initializes. After that, this theme continues
93                 to determine the Window background behind the Flutter UI.
94            -->
95            <meta-data
95-->src\main\AndroidManifest.xml:36:13-39:17
96                android:name="io.flutter.embedding.android.NormalTheme"
96-->src\main\AndroidManifest.xml:37:15-70
97                android:resource="@style/NormalTheme" />
97-->src\main\AndroidManifest.xml:38:15-52
98            <!--
99                 Displays an Android View that continues showing the launch screen
100                 Drawable until Flutter paints its first frame, then this splash
101                 screen fades out. A splash screen is useful to avoid any visual
102                 gap between the end of Android's launch screen and the painting of
103                 Flutter's first frame.
104            -->
105            <meta-data
105-->src\main\AndroidManifest.xml:45:13-48:17
106                android:name="io.flutter.embedding.android.SplashScreenDrawable"
106-->src\main\AndroidManifest.xml:46:15-79
107                android:resource="@drawable/launch_background" />
107-->src\main\AndroidManifest.xml:47:15-61
108
109            <intent-filter>
109-->src\main\AndroidManifest.xml:49:13-52:29
110                <action android:name="android.intent.action.MAIN" />
110-->src\main\AndroidManifest.xml:50:17-68
110-->src\main\AndroidManifest.xml:50:25-66
111
112                <category android:name="android.intent.category.LAUNCHER" />
112-->src\main\AndroidManifest.xml:51:17-76
112-->src\main\AndroidManifest.xml:51:27-74
113            </intent-filter>
114
115            <!-- Add below to ensure we get the payload when tapping on a notification -->
116            <intent-filter>
116-->src\main\AndroidManifest.xml:55:13-58:29
117                <action android:name="FLUTTER_NOTIFICATION_CLICK" />
117-->src\main\AndroidManifest.xml:56:17-69
117-->src\main\AndroidManifest.xml:56:25-66
118
119                <category android:name="android.intent.category.DEFAULT" />
119-->src\main\AndroidManifest.xml:57:17-76
119-->src\main\AndroidManifest.xml:57:27-73
120            </intent-filter>
121        </activity>
122        <!--
123             Don't delete the meta-data below.
124             This is used by the Flutter tool to generate GeneratedPluginRegistrant.java
125        -->
126        <meta-data
126-->src\main\AndroidManifest.xml:62:9-64:32
127            android:name="flutterEmbedding"
127-->src\main\AndroidManifest.xml:63:13-44
128            android:value="2" />
128-->src\main\AndroidManifest.xml:64:13-30
129        <meta-data
129-->src\main\AndroidManifest.xml:66:8-68:46
130            android:name="com.google.firebase.messaging.default_notification_channel_id"
130-->src\main\AndroidManifest.xml:67:12-88
131            android:value="noti_push_app_1" />
131-->src\main\AndroidManifest.xml:68:12-43
132        <meta-data
132-->src\main\AndroidManifest.xml:70:8-71:48
133            android:name="com.google.android.geo.API_KEY"
133-->src\main\AndroidManifest.xml:70:19-64
134            android:value="@string/google_key" />
134-->src\main\AndroidManifest.xml:71:12-46
135        <meta-data
135-->src\main\AndroidManifest.xml:74:9-75:54
136            android:name="com.facebook.sdk.ApplicationId"
136-->src\main\AndroidManifest.xml:74:20-65
137            android:value="@string/facebook_app_id" />
137-->src\main\AndroidManifest.xml:75:13-52
138        <meta-data
138-->src\main\AndroidManifest.xml:76:9-77:60
139            android:name="com.facebook.sdk.ClientToken"
139-->src\main\AndroidManifest.xml:76:20-63
140            android:value="@string/facebook_client_token" />
140-->src\main\AndroidManifest.xml:77:13-58
141
142        <service
142-->[:cloud_firestore] AndroidManifest.xml:10:9-14:19
143            android:name="com.google.firebase.components.ComponentDiscoveryService"
143-->[:cloud_firestore] AndroidManifest.xml:10:18-89
144            android:directBootAware="true"
144-->[com.google.firebase:firebase-common:20.1.2] AndroidManifest.xml:35:13-43
145            android:exported="false" >
145-->[com.google.firebase:firebase-auth:21.0.8] AndroidManifest.xml:66:13-37
146            <meta-data
146-->[:cloud_firestore] AndroidManifest.xml:11:13-13:85
147                android:name="com.google.firebase.components:io.flutter.plugins.firebase.firestore.FlutterFirebaseFirestoreRegistrar"
147-->[:cloud_firestore] AndroidManifest.xml:12:17-134
148                android:value="com.google.firebase.components.ComponentRegistrar" />
148-->[:cloud_firestore] AndroidManifest.xml:13:17-82
149            <meta-data
149-->[:firebase_auth] AndroidManifest.xml:11:13-13:85
150                android:name="com.google.firebase.components:io.flutter.plugins.firebase.auth.FlutterFirebaseAuthRegistrar"
150-->[:firebase_auth] AndroidManifest.xml:12:17-124
151                android:value="com.google.firebase.components.ComponentRegistrar" />
151-->[:firebase_auth] AndroidManifest.xml:13:17-82
152            <meta-data
152-->[:firebase_messaging] AndroidManifest.xml:36:13-38:85
153                android:name="com.google.firebase.components:io.flutter.plugins.firebase.messaging.FlutterFirebaseAppRegistrar"
153-->[:firebase_messaging] AndroidManifest.xml:37:17-128
154                android:value="com.google.firebase.components.ComponentRegistrar" />
154-->[:firebase_messaging] AndroidManifest.xml:38:17-82
155            <meta-data
155-->[:firebase_core] AndroidManifest.xml:11:13-13:85
156                android:name="com.google.firebase.components:io.flutter.plugins.firebase.core.FlutterFirebaseCoreRegistrar"
156-->[:firebase_core] AndroidManifest.xml:12:17-124
157                android:value="com.google.firebase.components.ComponentRegistrar" />
157-->[:firebase_core] AndroidManifest.xml:13:17-82
158            <meta-data
158-->[com.google.firebase:firebase-auth:21.0.8] AndroidManifest.xml:67:13-69:85
159                android:name="com.google.firebase.components:com.google.firebase.auth.FirebaseAuthRegistrar"
159-->[com.google.firebase:firebase-auth:21.0.8] AndroidManifest.xml:68:17-109
160                android:value="com.google.firebase.components.ComponentRegistrar" />
160-->[com.google.firebase:firebase-auth:21.0.8] AndroidManifest.xml:69:17-82
161            <meta-data
161-->[com.google.firebase:firebase-firestore:24.3.1] AndroidManifest.xml:20:13-22:85
162                android:name="com.google.firebase.components:com.google.firebase.firestore.FirestoreRegistrar"
162-->[com.google.firebase:firebase-firestore:24.3.1] AndroidManifest.xml:21:17-111
163                android:value="com.google.firebase.components.ComponentRegistrar" />
163-->[com.google.firebase:firebase-firestore:24.3.1] AndroidManifest.xml:22:17-82
164            <meta-data
164-->[com.google.firebase:firebase-messaging:23.0.8] AndroidManifest.xml:56:13-58:85
165                android:name="com.google.firebase.components:com.google.firebase.messaging.FirebaseMessagingRegistrar"
165-->[com.google.firebase:firebase-messaging:23.0.8] AndroidManifest.xml:57:17-119
166                android:value="com.google.firebase.components.ComponentRegistrar" />
166-->[com.google.firebase:firebase-messaging:23.0.8] AndroidManifest.xml:58:17-82
167            <meta-data
167-->[com.google.android.gms:play-services-measurement-api:21.1.1] AndroidManifest.xml:31:13-33:85
168                android:name="com.google.firebase.components:com.google.firebase.analytics.connector.internal.AnalyticsConnectorRegistrar"
168-->[com.google.android.gms:play-services-measurement-api:21.1.1] AndroidManifest.xml:32:17-139
169                android:value="com.google.firebase.components.ComponentRegistrar" />
169-->[com.google.android.gms:play-services-measurement-api:21.1.1] AndroidManifest.xml:33:17-82
170            <meta-data
170-->[com.google.firebase:firebase-datatransport:18.1.6] AndroidManifest.xml:28:13-30:85
171                android:name="com.google.firebase.components:com.google.firebase.datatransport.TransportRegistrar"
171-->[com.google.firebase:firebase-datatransport:18.1.6] AndroidManifest.xml:29:17-115
172                android:value="com.google.firebase.components.ComponentRegistrar" />
172-->[com.google.firebase:firebase-datatransport:18.1.6] AndroidManifest.xml:30:17-82
173            <meta-data
173-->[com.google.firebase:firebase-installations:17.0.3] AndroidManifest.xml:18:13-20:85
174                android:name="com.google.firebase.components:com.google.firebase.installations.FirebaseInstallationsRegistrar"
174-->[com.google.firebase:firebase-installations:17.0.3] AndroidManifest.xml:19:17-127
175                android:value="com.google.firebase.components.ComponentRegistrar" />
175-->[com.google.firebase:firebase-installations:17.0.3] AndroidManifest.xml:20:17-82
176        </service>
177        <service
177-->[:firebase_messaging] AndroidManifest.xml:14:9-17:72
178            android:name="io.flutter.plugins.firebase.messaging.FlutterFirebaseMessagingBackgroundService"
178-->[:firebase_messaging] AndroidManifest.xml:15:13-107
179            android:exported="false"
179-->[:firebase_messaging] AndroidManifest.xml:16:13-37
180            android:permission="android.permission.BIND_JOB_SERVICE" />
180-->[:firebase_messaging] AndroidManifest.xml:17:13-69
181        <service
181-->[:firebase_messaging] AndroidManifest.xml:18:9-24:19
182            android:name="io.flutter.plugins.firebase.messaging.FlutterFirebaseMessagingService"
182-->[:firebase_messaging] AndroidManifest.xml:19:13-97
183            android:exported="false" >
183-->[:firebase_messaging] AndroidManifest.xml:20:13-37
184            <intent-filter>
184-->[:firebase_messaging] AndroidManifest.xml:21:13-23:29
185                <action android:name="com.google.firebase.MESSAGING_EVENT" />
185-->[:firebase_messaging] AndroidManifest.xml:22:17-78
185-->[:firebase_messaging] AndroidManifest.xml:22:25-75
186            </intent-filter>
187        </service>
188
189        <receiver
189-->[:firebase_messaging] AndroidManifest.xml:26:9-33:20
190            android:name="io.flutter.plugins.firebase.messaging.FlutterFirebaseMessagingReceiver"
190-->[:firebase_messaging] AndroidManifest.xml:27:13-98
191            android:exported="true"
191-->[:firebase_messaging] AndroidManifest.xml:28:13-36
192            android:permission="com.google.android.c2dm.permission.SEND" >
192-->[:firebase_messaging] AndroidManifest.xml:29:13-73
193            <intent-filter>
193-->[:firebase_messaging] AndroidManifest.xml:30:13-32:29
194                <action android:name="com.google.android.c2dm.intent.RECEIVE" />
194-->[:firebase_messaging] AndroidManifest.xml:31:17-81
194-->[:firebase_messaging] AndroidManifest.xml:31:25-78
195            </intent-filter>
196        </receiver>
197
198        <provider
198-->[:firebase_messaging] AndroidManifest.xml:41:9-45:38
199            android:name="io.flutter.plugins.firebase.messaging.FlutterFirebaseMessagingInitProvider"
199-->[:firebase_messaging] AndroidManifest.xml:42:13-102
200            android:authorities="com.app.door_ap.flutterfirebasemessaginginitprovider"
200-->[:firebase_messaging] AndroidManifest.xml:43:13-88
201            android:exported="false"
201-->[:firebase_messaging] AndroidManifest.xml:44:13-37
202            android:initOrder="99" />
202-->[:firebase_messaging] AndroidManifest.xml:45:13-35
203
204        <service
204-->[:geolocator_android] AndroidManifest.xml:12:9-16:56
205            android:name="com.baseflow.geolocator.GeolocatorLocationService"
205-->[:geolocator_android] AndroidManifest.xml:13:13-77
206            android:enabled="true"
206-->[:geolocator_android] AndroidManifest.xml:14:13-35
207            android:exported="false"
207-->[:geolocator_android] AndroidManifest.xml:15:13-37
208            android:foregroundServiceType="location" />
208-->[:geolocator_android] AndroidManifest.xml:16:13-53
209
210        <provider
210-->[:image_picker_android] AndroidManifest.xml:10:9-18:20
211            android:name="io.flutter.plugins.imagepicker.ImagePickerFileProvider"
211-->[:image_picker_android] AndroidManifest.xml:11:13-82
212            android:authorities="com.app.door_ap.flutter.image_provider"
212-->[:image_picker_android] AndroidManifest.xml:12:13-74
213            android:exported="false"
213-->[:image_picker_android] AndroidManifest.xml:13:13-37
214            android:grantUriPermissions="true" >
214-->[:image_picker_android] AndroidManifest.xml:14:13-47
215            <meta-data
215-->[:image_picker_android] AndroidManifest.xml:15:13-17:75
216                android:name="android.support.FILE_PROVIDER_PATHS"
216-->[:image_picker_android] AndroidManifest.xml:16:17-67
217                android:resource="@xml/flutter_image_picker_file_paths" />
217-->[:image_picker_android] AndroidManifest.xml:17:17-72
218        </provider>
219
220        <receiver
220-->[:flutter_local_notifications] AndroidManifest.xml:15:9-17:40
221            android:name="com.dexterous.flutterlocalnotifications.ScheduledNotificationReceiver"
221-->[:flutter_local_notifications] AndroidManifest.xml:16:13-97
222            android:exported="false" />
222-->[:flutter_local_notifications] AndroidManifest.xml:17:13-37
223        <receiver
223-->[:flutter_local_notifications] AndroidManifest.xml:18:9-27:20
224            android:name="com.dexterous.flutterlocalnotifications.ScheduledNotificationBootReceiver"
224-->[:flutter_local_notifications] AndroidManifest.xml:19:13-101
225            android:exported="false" >
225-->[:flutter_local_notifications] AndroidManifest.xml:20:13-37
226            <intent-filter>
226-->[:flutter_local_notifications] AndroidManifest.xml:21:13-26:29
227                <action android:name="android.intent.action.BOOT_COMPLETED" />
227-->[:flutter_local_notifications] AndroidManifest.xml:22:17-79
227-->[:flutter_local_notifications] AndroidManifest.xml:22:25-76
228                <action android:name="android.intent.action.MY_PACKAGE_REPLACED" />
228-->[:flutter_local_notifications] AndroidManifest.xml:23:17-84
228-->[:flutter_local_notifications] AndroidManifest.xml:23:25-81
229                <action android:name="android.intent.action.QUICKBOOT_POWERON" />
229-->[:flutter_local_notifications] AndroidManifest.xml:24:17-82
229-->[:flutter_local_notifications] AndroidManifest.xml:24:25-79
230                <action android:name="com.htc.intent.action.QUICKBOOT_POWERON" />
230-->[:flutter_local_notifications] AndroidManifest.xml:25:17-82
230-->[:flutter_local_notifications] AndroidManifest.xml:25:25-79
231            </intent-filter>
232        </receiver>
233
234        <activity
234-->[:url_launcher_android] AndroidManifest.xml:10:9-13:74
235            android:name="io.flutter.plugins.urllauncher.WebViewActivity"
235-->[:url_launcher_android] AndroidManifest.xml:11:13-74
236            android:exported="false"
236-->[:url_launcher_android] AndroidManifest.xml:12:13-37
237            android:theme="@android:style/Theme.NoTitleBar.Fullscreen" />
237-->[:url_launcher_android] AndroidManifest.xml:13:13-71
238
239        <provider
239-->[:open_filex] AndroidManifest.xml:18:9-27:20
240            android:name="com.crazecoder.openfile.FileProvider"
240-->[:open_filex] AndroidManifest.xml:19:13-64
241            android:authorities="com.app.door_ap.fileProvider.com.crazecoder.openfile"
241-->[:open_filex] AndroidManifest.xml:20:13-88
242            android:exported="false"
242-->[:open_filex] AndroidManifest.xml:21:13-37
243            android:grantUriPermissions="true" >
243-->[:open_filex] AndroidManifest.xml:22:13-47
244            <meta-data
244-->[:image_picker_android] AndroidManifest.xml:15:13-17:75
245                android:name="android.support.FILE_PROVIDER_PATHS"
245-->[:image_picker_android] AndroidManifest.xml:16:17-67
246                android:resource="@xml/filepaths" />
246-->[:image_picker_android] AndroidManifest.xml:17:17-72
247        </provider>
248
249        <service
249-->[:location] AndroidManifest.xml:13:9-17:56
250            android:name="com.lyokone.location.FlutterLocationService"
250-->[:location] AndroidManifest.xml:14:13-71
251            android:enabled="true"
251-->[:location] AndroidManifest.xml:15:13-35
252            android:exported="false"
252-->[:location] AndroidManifest.xml:16:13-37
253            android:foregroundServiceType="location" />
253-->[:location] AndroidManifest.xml:17:13-53
254
255        <activity
255-->[com.stripe:financial-connections:20.4.0] AndroidManifest.xml:23:9-42:20
256            android:name="com.stripe.android.financialconnections.FinancialConnectionsSheetRedirectActivity"
256-->[com.stripe:financial-connections:20.4.0] AndroidManifest.xml:24:13-109
257            android:exported="true" >
257-->[com.stripe:financial-connections:20.4.0] AndroidManifest.xml:25:13-36
258            <intent-filter>
258-->[com.stripe:financial-connections:20.4.0] AndroidManifest.xml:26:13-41:29
259                <action android:name="android.intent.action.VIEW" />
259-->src\main\AndroidManifest.xml:10:9-61
259-->src\main\AndroidManifest.xml:10:17-58
260
261                <category android:name="android.intent.category.DEFAULT" />
261-->src\main\AndroidManifest.xml:57:17-76
261-->src\main\AndroidManifest.xml:57:27-73
262                <category android:name="android.intent.category.BROWSABLE" />
262-->[com.stripe:financial-connections:20.4.0] AndroidManifest.xml:30:17-78
262-->[com.stripe:financial-connections:20.4.0] AndroidManifest.xml:30:27-75
263
264                <!-- Accepts success and cancel URIs that begin with "stripe-auth://link-accounts” -->
265                <data
265-->src\main\AndroidManifest.xml:11:9-40
266                    android:host="link-accounts"
267                    android:path="/com.app.door_ap/success"
268                    android:scheme="stripe-auth" />
268-->src\main\AndroidManifest.xml:11:15-37
269                <data
269-->src\main\AndroidManifest.xml:11:9-40
270                    android:host="link-accounts"
271                    android:path="/com.app.door_ap/cancel"
272                    android:scheme="stripe-auth" />
272-->src\main\AndroidManifest.xml:11:15-37
273            </intent-filter>
274        </activity>
275        <activity
275-->[com.stripe:financial-connections:20.4.0] AndroidManifest.xml:43:9-46:57
276            android:name="com.stripe.android.financialconnections.FinancialConnectionsSheetActivity"
276-->[com.stripe:financial-connections:20.4.0] AndroidManifest.xml:44:13-101
277            android:exported="false"
277-->[com.stripe:financial-connections:20.4.0] AndroidManifest.xml:45:13-37
278            android:theme="@style/StripeDefaultTheme" />
278-->[com.stripe:financial-connections:20.4.0] AndroidManifest.xml:46:13-54
279        <activity
279-->[com.stripe:paymentsheet:20.4.0] AndroidManifest.xml:10:9-13:69
280            android:name="com.stripe.android.paymentsheet.PaymentSheetActivity"
280-->[com.stripe:paymentsheet:20.4.0] AndroidManifest.xml:11:13-80
281            android:exported="false"
281-->[com.stripe:paymentsheet:20.4.0] AndroidManifest.xml:12:13-37
282            android:theme="@style/StripePaymentSheetDefaultTheme" />
282-->[com.stripe:paymentsheet:20.4.0] AndroidManifest.xml:13:13-66
283        <activity
283-->[com.stripe:paymentsheet:20.4.0] AndroidManifest.xml:14:9-17:69
284            android:name="com.stripe.android.paymentsheet.PaymentOptionsActivity"
284-->[com.stripe:paymentsheet:20.4.0] AndroidManifest.xml:15:13-82
285            android:exported="false"
285-->[com.stripe:paymentsheet:20.4.0] AndroidManifest.xml:16:13-37
286            android:theme="@style/StripePaymentSheetDefaultTheme" />
286-->[com.stripe:paymentsheet:20.4.0] AndroidManifest.xml:17:13-66
287        <activity
287-->[com.stripe:link:20.4.0] AndroidManifest.xml:10:9-13:44
288            android:name="com.stripe.android.link.LinkActivity"
288-->[com.stripe:link:20.4.0] AndroidManifest.xml:11:13-64
289            android:exported="false"
289-->[com.stripe:link:20.4.0] AndroidManifest.xml:12:13-37
290            android:label="@string/link" />
290-->[com.stripe:link:20.4.0] AndroidManifest.xml:13:13-41
291        <activity
291-->[com.stripe:payments-ui-core:20.4.0] AndroidManifest.xml:10:9-13:69
292            android:name="com.stripe.android.ui.core.cardscan.CardScanActivity"
292-->[com.stripe:payments-ui-core:20.4.0] AndroidManifest.xml:11:13-80
293            android:exported="false"
293-->[com.stripe:payments-ui-core:20.4.0] AndroidManifest.xml:12:13-37
294            android:theme="@style/StripePaymentSheetDefaultTheme" />
294-->[com.stripe:payments-ui-core:20.4.0] AndroidManifest.xml:13:13-66
295        <activity
295-->[com.stripe:payments-core:20.4.0] AndroidManifest.xml:17:9-20:57